Determining if the pthread_create exist failed with the following output:
Change Dir: /home/eldar/Projects/cartographer_ws/build_isolated/cartographer/install/CMakeFiles/CMakeTmp

Run Build Command:"/usr/bin/ninja" "cmTC_527ea"
[1/2] Building C object CMakeFiles/cmTC_527ea.dir/CheckSymbolExists.c.o
[2/2] Linking C executable cmTC_527ea
FAILED: cmTC_527ea 
: && /usr/bin/cc   -rdynamic CMakeFiles/cmTC_527ea.dir/CheckSymbolExists.c.o  -o cmTC_527ea   && :
CMakeFiles/cmTC_527ea.dir/CheckSymbolExists.c.o: In function `main':
CheckSymbolExists.c:(.text+0x1b): undefined reference to `pthread_create'
collect2: error: ld returned 1 exit status
ninja: build stopped: subcommand failed.

File /home/eldar/Projects/cartographer_ws/build_isolated/cartographer/install/CMakeFiles/CMakeTmp/CheckSymbolExists.c:
/* */
#include <pthread.h>

int main(int argc, char** argv)
{
  (void)argv;
#ifndef pthread_create
  return ((int*)(&pthread_create))[argc];
#else
  (void)argc;
  return 0;
#endif
}

Determining if the function pthread_create exists in the pthreads failed with the following output:
Change Dir: /home/eldar/Projects/cartographer_ws/build_isolated/cartographer/install/CMakeFiles/CMakeTmp

Run Build Command:"/usr/bin/ninja" "cmTC_aaded"
[1/2] Building C object CMakeFiles/cmTC_aaded.dir/CheckFunctionExists.c.o
[2/2] Linking C executable cmTC_aaded
FAILED: cmTC_aaded 
: && /usr/bin/cc -DCHECK_FUNCTION_EXISTS=pthread_create  -rdynamic CMakeFiles/cmTC_aaded.dir/CheckFunctionExists.c.o  -o cmTC_aaded  -lpthreads && :
/usr/bin/ld: cannot find -lpthreads
collect2: error: ld returned 1 exit status
ninja: build stopped: subcommand failed.


